c:\drivers\lab_drivers\lab1\lab1\passthrough\x64\debug\vc142.pdb
c:\drivers\lab_drivers\lab1\lab1\passthrough\x64\debug\passthrough.obj
c:\drivers\lab_drivers\lab1\lab1\passthrough\x64\debug\aes.obj
c:\drivers\lab_drivers\lab1\lab1\passthrough\x64\debug\passthrough\passthrough.cat
c:\drivers\lab_drivers\lab1\lab1\passthrough\x64\debug\passthrough.sys
c:\drivers\lab_drivers\lab1\lab1\passthrough\x64\debug\passthrough.pdb
c:\drivers\lab_drivers\lab1\lab1\passthrough\x64\debug\passthrough.res
c:\drivers\lab_drivers\lab1\lab1\passthrough\x64\debug\passthrough.inf
c:\drivers\lab_drivers\lab1\lab1\passthrough\x64\debug\passthrough.tlog\cl.command.1.tlog
c:\drivers\lab_drivers\lab1\lab1\passthrough\x64\debug\passthrough.tlog\cl.read.1.tlog
c:\drivers\lab_drivers\lab1\lab1\passthrough\x64\debug\passthrough.tlog\cl.write.1.tlog
c:\drivers\lab_drivers\lab1\lab1\passthrough\x64\debug\passthrough.tlog\inf2cat-expand.1120.read.1.tlog
c:\drivers\lab_drivers\lab1\lab1\passthrough\x64\debug\passthrough.tlog\inf2cat-expand.1120.write.1.tlog
c:\drivers\lab_drivers\lab1\lab1\passthrough\x64\debug\passthrough.tlog\inf2cat-expand.11364.read.1.tlog
c:\drivers\lab_drivers\lab1\lab1\passthrough\x64\debug\passthrough.tlog\inf2cat-expand.11364.write.1.tlog
c:\drivers\lab_drivers\lab1\lab1\passthrough\x64\debug\passthrough.tlog\inf2cat-expand.14848.read.1.tlog
c:\drivers\lab_drivers\lab1\lab1\passthrough\x64\debug\passthrough.tlog\inf2cat-expand.14848.write.1.tlog
c:\drivers\lab_drivers\lab1\lab1\passthrough\x64\debug\passthrough.tlog\inf2cat-expand.3588.read.1.tlog
c:\drivers\lab_drivers\lab1\lab1\passthrough\x64\debug\passthrough.tlog\inf2cat-expand.3588.write.1.tlog
c:\drivers\lab_drivers\lab1\lab1\passthrough\x64\debug\passthrough.tlog\inf2cat-expand.3720.read.1.tlog
c:\drivers\lab_drivers\lab1\lab1\passthrough\x64\debug\passthrough.tlog\inf2cat-expand.3720.write.1.tlog
c:\drivers\lab_drivers\lab1\lab1\passthrough\x64\debug\passthrough.tlog\inf2cat-expand.read.1.tlog
c:\drivers\lab_drivers\lab1\lab1\passthrough\x64\debug\passthrough.tlog\inf2cat-expand.write.1.tlog
c:\drivers\lab_drivers\lab1\lab1\passthrough\x64\debug\passthrough.tlog\inf2cat.command.1.tlog
c:\drivers\lab_drivers\lab1\lab1\passthrough\x64\debug\passthrough.tlog\inf2cat.read.1.tlog
c:\drivers\lab_drivers\lab1\lab1\passthrough\x64\debug\passthrough.tlog\inf2cat.write.1.tlog
c:\drivers\lab_drivers\lab1\lab1\passthrough\x64\debug\passthrough.tlog\link.command.1.tlog
c:\drivers\lab_drivers\lab1\lab1\passthrough\x64\debug\passthrough.tlog\link.read.1.tlog
c:\drivers\lab_drivers\lab1\lab1\passthrough\x64\debug\passthrough.tlog\link.write.1.tlog
c:\drivers\lab_drivers\lab1\lab1\passthrough\x64\debug\passthrough.tlog\rc.command.1.tlog
c:\drivers\lab_drivers\lab1\lab1\passthrough\x64\debug\passthrough.tlog\rc.read.1.tlog
c:\drivers\lab_drivers\lab1\lab1\passthrough\x64\debug\passthrough.tlog\rc.write.1.tlog
c:\drivers\lab_drivers\lab1\lab1\passthrough\x64\debug\passthrough.tlog\signtool.command.1.tlog
c:\drivers\lab_drivers\lab1\lab1\passthrough\x64\debug\passthrough.tlog\signtool.read.1.tlog
c:\drivers\lab_drivers\lab1\lab1\passthrough\x64\debug\passthrough.tlog\signtool.timestamp.1.tlog
c:\drivers\lab_drivers\lab1\lab1\passthrough\x64\debug\passthrough.tlog\signtool.write.1.tlog
c:\drivers\lab_drivers\lab1\lab1\passthrough\x64\debug\passthrough.tlog\stampinf.command.1.tlog
c:\drivers\lab_drivers\lab1\lab1\passthrough\x64\debug\passthrough.tlog\stampinf.read.1.tlog
c:\drivers\lab_drivers\lab1\lab1\passthrough\x64\debug\passthrough.tlog\stampinf.write.1.tlog
